<?xml version="1.0" encoding="UTF-8"?>
<!-- Generated by org.testng.reporters.JUnitReportReporter -->
<testsuite name="com.example.test.WeatherKlipWithLocations" tests="3" time="51.965" ignored="0" failures="0" timestamp="11 Dec 2016 01:16:56 GMT" skipped="0" hostname="DESKTOP-6NNT9J4" errors="0">
  <testcase name="AddingWeatherKlipWithLocations" time="19.129" classname="com.example.test.WeatherKlipWithLocations"/>
  <testcase name="AddingWeatherKlipWithLocations" time="16.869" classname="com.example.test.WeatherKlipWithLocations"/>
  <testcase name="AddingWeatherKlipWithLocations" time="15.967" classname="com.example.test.WeatherKlipWithLocations"/>
</testsuite> <!-- com.example.test.WeatherKlipWithLocations -->
