<?xml version="1.0" encoding="UTF-8"?>
<!-- Generated by org.testng.reporters.JUnitReportReporter -->
<testsuite name="com.example.test.GoogleKlips" tests="6" time="103.256" ignored="0" failures="0" timestamp="11 Dec 2016 01:38:56 GMT" skipped="0" hostname="DESKTOP-6NNT9J4" errors="0">
  <testcase name="googleKlips" time="17.072" classname="com.example.test.GoogleKlips"/>
  <testcase name="googleKlips" time="16.090" classname="com.example.test.GoogleKlips"/>
  <testcase name="googleKlips" time="16.941" classname="com.example.test.GoogleKlips"/>
  <testcase name="googleKlips" time="18.636" classname="com.example.test.GoogleKlips"/>
  <testcase name="googleKlips" time="17.089" classname="com.example.test.GoogleKlips"/>
  <testcase name="googleKlips" time="17.428" classname="com.example.test.GoogleKlips"/>
</testsuite> <!-- com.example.test.GoogleKlips -->
