<?xml version="1.0" encoding="UTF-8"?>
<!-- Generated by org.testng.reporters.JUnitReportReporter -->
<testsuite name="com.example.test.AddingOtherKlips" tests="4" time="66.418" ignored="0" failures="0" timestamp="11 Dec 2016 01:53:52 GMT" skipped="0" hostname="DESKTOP-6NNT9J4" errors="0">
  <testcase name="moreKlips" time="16.951" classname="com.example.test.AddingOtherKlips"/>
  <testcase name="moreKlips" time="17.164" classname="com.example.test.AddingOtherKlips"/>
  <testcase name="moreKlips" time="17.186" classname="com.example.test.AddingOtherKlips"/>
  <testcase name="moreKlips" time="15.117" classname="com.example.test.AddingOtherKlips"/>
</testsuite> <!-- com.example.test.AddingOtherKlips -->
