<?xml version="1.0" encoding="UTF-8"?>
<!-- Generated by org.testng.reporters.JUnitReportReporter -->
<testsuite name="com.example.test.TestKlips" tests="9" time="69.641" ignored="0" failures="0" timestamp="11 Dec 2016 18:22:07 GMT" skipped="0" hostname="DESKTOP-6NNT9J4" errors="0">
  <testcase name="AddingWeatherKlipWithLocations" time="3.509" classname="com.example.test.TestKlips"/>
  <testcase name="AddingWeatherKlipWithLocations" time="3.540" classname="com.example.test.TestKlips"/>
  <testcase name="googleKlips" time="8.349" classname="com.example.test.TestKlips"/>
  <testcase name="moreKlips" time="9.300" classname="com.example.test.TestKlips"/>
  <testcase name="AddingWeatherKlipWithLocations" time="8.543" classname="com.example.test.TestKlips"/>
  <testcase name="googleKlips" time="8.845" classname="com.example.test.TestKlips"/>
  <testcase name="moreKlips" time="8.565" classname="com.example.test.TestKlips"/>
  <testcase name="googleKlips" time="10.204" classname="com.example.test.TestKlips"/>
  <testcase name="googleKlips" time="8.786" classname="com.example.test.TestKlips"/>
</testsuite> <!-- com.example.test.TestKlips -->
