<?xml version="1.0" encoding="UTF-8"?>
<!-- Generated by org.testng.reporters.JUnitReportReporter -->
<testsuite name="com.example.test.WeatherKlipWithLocations" tests="8" time="54.177" ignored="0" failures="0" timestamp="11 Dec 2016 04:46:02 GMT" skipped="0" hostname="DESKTOP-6NNT9J4" errors="0">
  <testcase name="AddingWeatherKlipWithLocations" time="2.316" classname="com.example.test.WeatherKlipWithLocations"/>
  <testcase name="googleKlips" time="7.072" classname="com.example.test.WeatherKlipWithLocations"/>
  <testcase name="googleKlips" time="7.048" classname="com.example.test.WeatherKlipWithLocations"/>
  <testcase name="moreKlips" time="7.514" classname="com.example.test.WeatherKlipWithLocations"/>
  <testcase name="AddingWeatherKlipWithLocations" time="8.869" classname="com.example.test.WeatherKlipWithLocations"/>
  <testcase name="googleKlips" time="7.022" classname="com.example.test.WeatherKlipWithLocations"/>
  <testcase name="googleKlips" time="7.405" classname="com.example.test.WeatherKlipWithLocations"/>
  <testcase name="moreKlips" time="6.931" classname="com.example.test.WeatherKlipWithLocations"/>
</testsuite> <!-- com.example.test.WeatherKlipWithLocations -->
