<?xml version="1.0" encoding="UTF-8"?>
<!-- Generated by org.testng.reporters.JUnitReportReporter -->
<testsuite name="com.example.test.TestClassNg" tests="7" time="11.256" ignored="0" failures="0" timestamp="10 Dec 2016 23:48:31 GMT" skipped="0" hostname="DESKTOP-6NNT9J4" errors="0">
  <testcase name="klipWithLocation" time="0.087" classname="com.example.test.TestClassNg"/>
  <testcase name="klipWithLocation" time="0.089" classname="com.example.test.TestClassNg"/>
  <testcase name="addKlip" time="0.088" classname="com.example.test.TestClassNg"/>
  <testcase name="confirmKlipAddition" time="1.640" classname="com.example.test.TestClassNg"/>
  <testcase name="addingKlip" time="3.587" classname="com.example.test.TestClassNg"/>
  <testcase name="createNewDashBoard" time="3.757" classname="com.example.test.TestClassNg"/>
  <testcase name="klipWithLocation" time="2.008" classname="com.example.test.TestClassNg"/>
</testsuite> <!-- com.example.test.TestClassNg -->
