<?xml version="1.0" encoding="UTF-8"?>
<!-- Generated by org.testng.reporters.JUnitReportReporter -->
<testsuite name="com.example.test.TestKlips" tests="9" time="57.996" ignored="0" failures="0" timestamp="11 Dec 2016 19:39:33 GMT" skipped="0" hostname="DESKTOP-6NNT9J4" errors="0">
  <testcase name="googleKlips" time="6.583" classname="com.example.test.TestKlips"/>
  <testcase name="googleKlips" time="6.814" classname="com.example.test.TestKlips"/>
  <testcase name="AddingWeatherKlipWithLocations" time="9.126" classname="com.example.test.TestKlips"/>
  <testcase name="googleKlips" time="7.609" classname="com.example.test.TestKlips"/>
  <testcase name="AddingWeatherKlipWithLocations" time="3.103" classname="com.example.test.TestKlips"/>
  <testcase name="moreKlips" time="7.317" classname="com.example.test.TestKlips"/>
  <testcase name="AddingWeatherKlipWithLocations" time="2.772" classname="com.example.test.TestKlips"/>
  <testcase name="moreKlips" time="7.510" classname="com.example.test.TestKlips"/>
  <testcase name="googleKlips" time="7.162" classname="com.example.test.TestKlips"/>
</testsuite> <!-- com.example.test.TestKlips -->
